<?xml version="1.0" encoding="UTF-8"?>
<!-- Generated by org.testng.reporters.JUnitXMLReporter -->
<testsuite ignored="0" hostname="LAPTOP-B5DT44ER" failures="0" tests="4" name="Default test" time="0.163" errors="0" timestamp="2023-03-29T17:11:52 IST">
  <testcase classname="SeleniumQA_Pracs.SeleniumQA_Pracs.TestNGdescriptionDay2" name="Addition" time="0.019"/>
  <testcase classname="SeleniumQA_Pracs.SeleniumQA_Pracs.TestNGdescriptionDay2" name="Division" time="0.004"/>
  <testcase classname="SeleniumQA_Pracs.SeleniumQA_Pracs.TestNGdescriptionDay2" name="Multiplication" time="0.002"/>
  <testcase classname="SeleniumQA_Pracs.SeleniumQA_Pracs.TestNGdescriptionDay2" name="Subtraction" time="0.002"/>
</testsuite> <!-- Default test -->
