<?xml version="1.0" encoding="UTF-8"?>
<!-- Generated by org.testng.reporters.JUnitXMLReporter -->
<testsuite ignored="25" hostname="LAPTOP-B5DT44ER" failures="0" tests="2" name="Test" time="0.263" errors="0" timestamp="2023-03-29T17:13:35 IST">
  <testcase classname="SeleniumQA_Pracs.SeleniumQA_Pracs.TestNGgroupsDay2" name="Division" time="0.032"/>
  <testcase classname="SeleniumQA_Pracs.SeleniumQA_Pracs.TestNGgroupsDay2" name="Subtraction" time="0.014"/>
  <testcase classname="SeleniumQA_Pracs.SeleniumQA_Pracs.TestNGdependsOnmethodDay2" name="Subtraction" time="0.0">
    <ignored/>
  </testcase> <!-- Subtraction -->
  <testcase classname="SeleniumQA_Pracs.SeleniumQA_Pracs.TestNGdescriptionDay2" name="Subtraction" time="0.0">
    <ignored/>
  </testcase> <!-- Subtraction -->
  <testcase classname="SeleniumQA_Pracs.SeleniumQA_Pracs.TestNGpriorityDay2" name="Multiplication" time="0.0">
    <ignored/>
  </testcase> <!-- Multiplication -->
  <testcase classname="SeleniumQA_Pracs.SeleniumQA_Pracs.TestNGgroupsDay2" name="Multiplication" time="0.0">
    <ignored/>
  </testcase> <!-- Multiplication -->
  <testcase classname="SeleniumQA_Pracs.SeleniumQA_Pracs.TestNGenabledDay2" name="Subtraction" time="0.0">
    <ignored/>
  </testcase> <!-- Subtraction -->
  <testcase classname="SeleniumQA_Pracs.SeleniumQA_Pracs.TestNGenabledDay2" name="Addition" time="0.0">
    <ignored/>
  </testcase> <!-- Addition -->
  <testcase classname="SeleniumQA_Pracs.SeleniumQA_Pracs.TestNGdemoDay1" name="verifyString" time="0.0">
    <ignored/>
  </testcase> <!-- verifyString -->
  <testcase classname="SeleniumQA_Pracs.SeleniumQA_Pracs.TestNGpriorityDay2" name="Division" time="0.0">
    <ignored/>
  </testcase> <!-- Division -->
  <testcase classname="SeleniumQA_Pracs.SeleniumQA_Pracs.TestNGdependsOnmethodDay2" name="Addition" time="0.0">
    <ignored/>
  </testcase> <!-- Addition -->
  <testcase classname="SeleniumQA_Pracs.SeleniumQA_Pracs.TestNGdescriptionDay2" name="Addition" time="0.0">
    <ignored/>
  </testcase> <!-- Addition -->
  <testcase classname="SeleniumQA_Pracs.SeleniumQA_Pracs.TestNGdemo1Day1" name="Method1" time="0.0">
    <ignored/>
  </testcase> <!-- Method1 -->
  <testcase classname="SeleniumQA_Pracs.SeleniumQA_Pracs.TestNGpriorityDay2" name="Addition" time="0.0">
    <ignored/>
  </testcase> <!-- Addition -->
  <testcase classname="SeleniumQA_Pracs.SeleniumQA_Pracs.TestNGenabledDay2" name="Division" time="0.0">
    <ignored/>
  </testcase> <!-- Division -->
  <testcase classname="SeleniumQA_Pracs.SeleniumQA_Pracs.TestNGdependsOnmethodDay2" name="Division" time="0.0">
    <ignored/>
  </testcase> <!-- Division -->
  <testcase classname="SeleniumQA_Pracs.SeleniumQA_Pracs.TestNGdemo1Day1" name="Method3" time="0.0">
    <ignored/>
  </testcase> <!-- Method3 -->
  <testcase classname="SeleniumQA_Pracs.SeleniumQA_Pracs.TestNGdemo1Day1" name="Method2" time="0.0">
    <ignored/>
  </testcase> <!-- Method2 -->
  <testcase classname="SeleniumQA_Pracs.SeleniumQA_Pracs.TestNGgroupsDay2" name="Addition" time="0.0">
    <ignored/>
  </testcase> <!-- Addition -->
  <testcase classname="SeleniumQA_Pracs.SeleniumQA_Pracs.TestNGdemo1Day1" name="Method5" time="0.0">
    <ignored/>
  </testcase> <!-- Method5 -->
  <testcase classname="SeleniumQA_Pracs.SeleniumQA_Pracs.TestNGdescriptionDay2" name="Division" time="0.0">
    <ignored/>
  </testcase> <!-- Division -->
  <testcase classname="SeleniumQA_Pracs.SeleniumQA_Pracs.TestNGdemo1Day1" name="Method4" time="0.0">
    <ignored/>
  </testcase> <!-- Method4 -->
  <testcase classname="SeleniumQA_Pracs.SeleniumQA_Pracs.TestNGenabledDay2" name="Multiplication" time="0.0">
    <ignored/>
  </testcase> <!-- Multiplication -->
  <testcase classname="SeleniumQA_Pracs.SeleniumQA_Pracs.TestNGdescriptionDay2" name="Multiplication" time="0.0">
    <ignored/>
  </testcase> <!-- Multiplication -->
  <testcase classname="SeleniumQA_Pracs.SeleniumQA_Pracs.TestNGpriorityDay2" name="Subtraction" time="0.0">
    <ignored/>
  </testcase> <!-- Subtraction -->
  <testcase classname="SeleniumQA_Pracs.SeleniumQA_Pracs.TestNGdependsOnmethodDay2" name="Multiplication" time="0.0">
    <ignored/>
  </testcase> <!-- Multiplication -->
  <testcase classname="SeleniumQA_Pracs.SeleniumQA_Pracs.TestNGdemoDay1" name="verifyVariableValue" time="0.0">
    <ignored/>
  </testcase> <!-- verifyVariableValue -->
</testsuite> <!-- Test -->
