<?xml version="1.0" encoding="UTF-8"?>
<testng-results ignored="25" total="27" passed="2" failed="0" skipped="0">
  <reporter-output>
  </reporter-output>
  <suite started-at="2023-03-29T17:13:34 IST" name="Suite" finished-at="2023-03-29T17:13:34 IST" duration-ms="263">
    <groups>
      <group name="Tester">
        <method signature="TestNGgroupsDay2.Division()[pri:0, instance:SeleniumQA_Pracs.SeleniumQA_Pracs.TestNGgroupsDay2@10959ece]" name="Division" class="SeleniumQA_Pracs.SeleniumQA_Pracs.TestNGgroupsDay2"/>
        <method signature="TestNGgroupsDay2.Subtraction()[pri:0, instance:SeleniumQA_Pracs.SeleniumQA_Pracs.TestNGgroupsDay2@10959ece]" name="Subtraction" class="SeleniumQA_Pracs.SeleniumQA_Pracs.TestNGgroupsDay2"/>
      </group> <!-- Tester -->
    </groups>
    <test started-at="2023-03-29T17:13:34 IST" name="Test" finished-at="2023-03-29T17:13:34 IST" duration-ms="263">
      <class name="SeleniumQA_Pracs.SeleniumQA_Pracs.TestNGgroupsDay2">
        <test-method signature="Division()[pri:0, instance:SeleniumQA_Pracs.SeleniumQA_Pracs.TestNGgroupsDay2@10959ece]" started-at="2023-03-29T17:13:34 IST" name="Division" finished-at="2023-03-29T17:13:34 IST" duration-ms="32" status="PASS">
          <reporter-output>
          </reporter-output>
        </test-method> <!-- Division -->
        <test-method signature="Subtraction()[pri:0, instance:SeleniumQA_Pracs.SeleniumQA_Pracs.TestNGgroupsDay2@10959ece]" started-at="2023-03-29T17:13:34 IST" name="Subtraction" finished-at="2023-03-29T17:13:34 IST" duration-ms="14" status="PASS">
          <reporter-output>
          </reporter-output>
        </test-method> <!-- Subtraction -->
      </class> <!-- SeleniumQA_Pracs.SeleniumQA_Pracs.TestNGgroupsDay2 -->
    </test> <!-- Test -->
  </suite> <!-- Suite -->
</testng-results>
